<?xml version="1.0" encoding="UTF-8"?>
<testng-results ignored="0" total="1" passed="1" failed="0" skipped="0">
  <reporter-output>
  </reporter-output>
  <suite started-at="2023-01-31T17:54:30 IST" name="Default suite" finished-at="2023-01-31T17:54:41 IST" duration-ms="11863">
    <groups>
    </groups>
    <test started-at="2023-01-31T17:54:30 IST" name="Default test" finished-at="2023-01-31T17:54:41 IST" duration-ms="11863">
      <class name="Rahulshettyacademy.ExtentReports.ExtentReportDemo">
        <test-method is-config="true" signature="config()[pri:0, instance:Rahulshettyacademy.ExtentReports.ExtentReportDemo@368247b9]" started-at="2023-01-31T17:54:30 IST" name="config" finished-at="2023-01-31T17:54:30 IST" duration-ms="572" status="PASS">
          <reporter-output>
          </reporter-output>
        </test-method> <!-- config -->
        <test-method signature="initialDemo()[pri:0, instance:Rahulshettyacademy.ExtentReports.ExtentReportDemo@368247b9]" started-at="2023-01-31T17:54:30 IST" name="initialDemo" finished-at="2023-01-31T17:54:41 IST" duration-ms="11182" status="PASS">
          <reporter-output>
          </reporter-output>
        </test-method> <!-- initialDemo -->
      </class> <!-- Rahulshettyacademy.ExtentReports.ExtentReportDemo -->
    </test> <!-- Default test -->
  </suite> <!-- Default suite -->
</testng-results>
